<?xml version="1.0" encoding="UTF-8"?>
<testsuite xmlns:xsi="http://www.w3.org/2001/XMLSchema-instance" xsi:noNamespaceSchemaLocation="https://maven.apache.org/surefire/maven-surefire-plugin/xsd/surefire-test-report.xsd" name="TestSuite" time="0.719" tests="0" errors="0" skipped="0" failures="0">
  <properties>
    <property name="sun.desktop" value="gnome"/>
    <property name="awt.toolkit" value="sun.awt.X11.XToolkit"/>
    <property name="java.specification.version" value="11"/>
    <property name="sun.cpu.isalist" value=""/>
    <property name="sun.jnu.encoding" value="UTF-8"/>
    <property name="java.class.path" value="/home/geol/Documents/voir/cours/test statique/maven/projet3/tp/target/test-classes:/home/geol/Documents/voir/cours/test statique/maven/projet3/tp/target/classes:/home/geol/.m2/repository/junit/junit/4.11/junit-4.11.jar:/home/geol/.m2/repository/org/hamcrest/hamcrest-core/1.3/hamcrest-core-1.3.jar:/home/geol/.m2/repository/io/cucumber/cucumber-java/7.0.0/cucumber-java-7.0.0.jar:/home/geol/.m2/repository/io/cucumber/cucumber-core/7.0.0/cucumber-core-7.0.0.jar:/home/geol/.m2/repository/io/cucumber/cucumber-gherkin/7.0.0/cucumber-gherkin-7.0.0.jar:/home/geol/.m2/repository/io/cucumber/cucumber-gherkin-messages/7.0.0/cucumber-gherkin-messages-7.0.0.jar:/home/geol/.m2/repository/io/cucumber/messages/17.1.1/messages-17.1.1.jar:/home/geol/.m2/repository/io/cucumber/tag-expressions/4.0.2/tag-expressions-4.0.2.jar:/home/geol/.m2/repository/io/cucumber/cucumber-expressions/13.0.1/cucumber-expressions-13.0.1.jar:/home/geol/.m2/repository/io/cucumber/datatable/7.0.0/datatable-7.0.0.jar:/home/geol/.m2/repository/io/cucumber/cucumber-plugin/7.0.0/cucumber-plugin-7.0.0.jar:/home/geol/.m2/repository/io/cucumber/docstring/7.0.0/docstring-7.0.0.jar:/home/geol/.m2/repository/io/cucumber/html-formatter/17.0.0/html-formatter-17.0.0.jar:/home/geol/.m2/repository/io/cucumber/create-meta/6.0.1/create-meta-6.0.1.jar:/home/geol/.m2/repository/org/apiguardian/apiguardian-api/1.1.2/apiguardian-api-1.1.2.jar:/home/geol/.m2/repository/net/masterthought/cucumber-reporting/5.6.0/cucumber-reporting-5.6.0.jar:/home/geol/.m2/repository/com/fasterxml/jackson/core/jackson-databind/2.12.1/jackson-databind-2.12.1.jar:/home/geol/.m2/repository/com/fasterxml/jackson/core/jackson-annotations/2.12.1/jackson-annotations-2.12.1.jar:/home/geol/.m2/repository/com/fasterxml/jackson/core/jackson-core/2.12.1/jackson-core-2.12.1.jar:/home/geol/.m2/repository/com/fasterxml/jackson/datatype/jackson-datatype-jsr310/2.12.1/jackson-datatype-jsr310-2.12.1.jar:/home/geol/.m2/repository/org/apache/velocity/velocity-engine-core/2.3/velocity-engine-core-2.3.jar:/home/geol/.m2/repository/commons-collections/commons-collections/3.2.2/commons-collections-3.2.2.jar:/home/geol/.m2/repository/joda-time/joda-time/2.10.10/joda-time-2.10.10.jar:/home/geol/.m2/repository/org/apache/commons/commons-lang3/3.12.0/commons-lang3-3.12.0.jar:/home/geol/.m2/repository/commons-io/commons-io/2.7/commons-io-2.7.jar:/home/geol/.m2/repository/org/codehaus/plexus/plexus-utils/3.3.0/plexus-utils-3.3.0.jar:/home/geol/.m2/repository/org/jsoup/jsoup/1.14.2/jsoup-1.14.2.jar:/home/geol/.m2/repository/com/google/guava/guava/30.1.1-jre/guava-30.1.1-jre.jar:/home/geol/.m2/repository/com/google/guava/failureaccess/1.0.1/failureaccess-1.0.1.jar:/home/geol/.m2/repository/com/google/guava/listenablefuture/9999.0-empty-to-avoid-conflict-with-guava/listenablefuture-9999.0-empty-to-avoid-conflict-with-guava.jar:/home/geol/.m2/repository/com/google/code/findbugs/jsr305/3.0.2/jsr305-3.0.2.jar:/home/geol/.m2/repository/org/checkerframework/checker-qual/3.8.0/checker-qual-3.8.0.jar:/home/geol/.m2/repository/com/google/errorprone/error_prone_annotations/2.5.1/error_prone_annotations-2.5.1.jar:/home/geol/.m2/repository/com/google/j2objc/j2objc-annotations/1.3/j2objc-annotations-1.3.jar:/home/geol/.m2/repository/com/googlecode/owasp-java-html-sanitizer/owasp-java-html-sanitizer/20200713.1/owasp-java-html-sanitizer-20200713.1.jar:/home/geol/.m2/repository/commons-configuration/commons-configuration/1.10/commons-configuration-1.10.jar:/home/geol/.m2/repository/commons-lang/commons-lang/2.6/commons-lang-2.6.jar:/home/geol/.m2/repository/commons-logging/commons-logging/1.1.1/commons-logging-1.1.1.jar:/home/geol/.m2/repository/org/seleniumhq/selenium/selenium-java/3.141.59/selenium-java-3.141.59.jar:/home/geol/.m2/repository/org/seleniumhq/selenium/selenium-api/3.141.59/selenium-api-3.141.59.jar:/home/geol/.m2/repository/org/seleniumhq/selenium/selenium-chrome-driver/3.141.59/selenium-chrome-driver-3.141.59.jar:/home/geol/.m2/repository/org/seleniumhq/selenium/selenium-edge-driver/3.141.59/selenium-edge-driver-3.141.59.jar:/home/geol/.m2/repository/org/seleniumhq/selenium/selenium-firefox-driver/3.141.59/selenium-firefox-driver-3.141.59.jar:/home/geol/.m2/repository/org/seleniumhq/selenium/selenium-ie-driver/3.141.59/selenium-ie-driver-3.141.59.jar:/home/geol/.m2/repository/org/seleniumhq/selenium/selenium-opera-driver/3.141.59/selenium-opera-driver-3.141.59.jar:/home/geol/.m2/repository/org/seleniumhq/selenium/selenium-remote-driver/3.141.59/selenium-remote-driver-3.141.59.jar:/home/geol/.m2/repository/org/seleniumhq/selenium/selenium-safari-driver/3.141.59/selenium-safari-driver-3.141.59.jar:/home/geol/.m2/repository/org/seleniumhq/selenium/selenium-support/3.141.59/selenium-support-3.141.59.jar:/home/geol/.m2/repository/net/bytebuddy/byte-buddy/1.8.15/byte-buddy-1.8.15.jar:/home/geol/.m2/repository/org/apache/commons/commons-exec/1.3/commons-exec-1.3.jar:/home/geol/.m2/repository/com/squareup/okhttp3/okhttp/3.11.0/okhttp-3.11.0.jar:/home/geol/.m2/repository/com/squareup/okio/okio/1.14.0/okio-1.14.0.jar:/home/geol/.m2/repository/org/apache/poi/poi/5.2.3/poi-5.2.3.jar:/home/geol/.m2/repository/commons-codec/commons-codec/1.15/commons-codec-1.15.jar:/home/geol/.m2/repository/org/apache/commons/commons-collections4/4.4/commons-collections4-4.4.jar:/home/geol/.m2/repository/org/apache/commons/commons-math3/3.6.1/commons-math3-3.6.1.jar:/home/geol/.m2/repository/com/zaxxer/SparseBitSet/1.2/SparseBitSet-1.2.jar:/home/geol/.m2/repository/org/apache/logging/log4j/log4j-api/2.18.0/log4j-api-2.18.0.jar:/home/geol/.m2/repository/com/aventstack/extentreports/5.0.9/extentreports-5.0.9.jar:/home/geol/.m2/repository/io/reactivex/rxjava3/rxjava/3.0.4/rxjava-3.0.4.jar:/home/geol/.m2/repository/org/reactivestreams/reactive-streams/1.0.3/reactive-streams-1.0.3.jar:/home/geol/.m2/repository/org/freemarker/freemarker/2.3.30/freemarker-2.3.30.jar:/home/geol/.m2/repository/org/projectlombok/lombok/1.18.12/lombok-1.18.12.jar:/home/geol/.m2/repository/com/google/code/gson/gson/2.8.6/gson-2.8.6.jar:/home/geol/.m2/repository/org/testng/testng/7.7.1/testng-7.7.1.jar:/home/geol/.m2/repository/org/slf4j/slf4j-api/1.7.36/slf4j-api-1.7.36.jar:/home/geol/.m2/repository/com/beust/jcommander/1.82/jcommander-1.82.jar:/home/geol/.m2/repository/org/webjars/jquery/3.6.1/jquery-3.6.1.jar:/home/geol/.m2/repository/org/apache/commons/commons-csv/1.8/commons-csv-1.8.jar:"/>
    <property name="java.vm.vendor" value="Ubuntu"/>
    <property name="sun.arch.data.model" value="64"/>
    <property name="java.vendor.url" value="https://ubuntu.com/"/>
    <property name="user.timezone" value=""/>
    <property name="java.vm.specification.version" value="11"/>
    <property name="os.name" value="Linux"/>
    <property name="sun.java.launcher" value="SUN_STANDARD"/>
    <property name="user.country" value="FR"/>
    <property name="sun.boot.library.path" value="/usr/lib/jvm/java-11-openjdk-amd64/lib"/>
    <property name="sun.java.command" value="/home/geol/Documents/voir/cours/test statique/maven/projet3/tp/target/surefire/surefirebooter5103074313176966920.jar /home/geol/Documents/voir/cours/test statique/maven/projet3/tp/target/surefire 2023-11-30T19-22-27_857-jvmRun1 surefire13238721048885492334tmp surefire_06281364895920627789tmp"/>
    <property name="jdk.debug" value="release"/>
    <property name="surefire.test.class.path" value="/home/geol/Documents/voir/cours/test statique/maven/projet3/tp/target/test-classes:/home/geol/Documents/voir/cours/test statique/maven/projet3/tp/target/classes:/home/geol/.m2/repository/junit/junit/4.11/junit-4.11.jar:/home/geol/.m2/repository/org/hamcrest/hamcrest-core/1.3/hamcrest-core-1.3.jar:/home/geol/.m2/repository/io/cucumber/cucumber-java/7.0.0/cucumber-java-7.0.0.jar:/home/geol/.m2/repository/io/cucumber/cucumber-core/7.0.0/cucumber-core-7.0.0.jar:/home/geol/.m2/repository/io/cucumber/cucumber-gherkin/7.0.0/cucumber-gherkin-7.0.0.jar:/home/geol/.m2/repository/io/cucumber/cucumber-gherkin-messages/7.0.0/cucumber-gherkin-messages-7.0.0.jar:/home/geol/.m2/repository/io/cucumber/messages/17.1.1/messages-17.1.1.jar:/home/geol/.m2/repository/io/cucumber/tag-expressions/4.0.2/tag-expressions-4.0.2.jar:/home/geol/.m2/repository/io/cucumber/cucumber-expressions/13.0.1/cucumber-expressions-13.0.1.jar:/home/geol/.m2/repository/io/cucumber/datatable/7.0.0/datatable-7.0.0.jar:/home/geol/.m2/repository/io/cucumber/cucumber-plugin/7.0.0/cucumber-plugin-7.0.0.jar:/home/geol/.m2/repository/io/cucumber/docstring/7.0.0/docstring-7.0.0.jar:/home/geol/.m2/repository/io/cucumber/html-formatter/17.0.0/html-formatter-17.0.0.jar:/home/geol/.m2/repository/io/cucumber/create-meta/6.0.1/create-meta-6.0.1.jar:/home/geol/.m2/repository/org/apiguardian/apiguardian-api/1.1.2/apiguardian-api-1.1.2.jar:/home/geol/.m2/repository/net/masterthought/cucumber-reporting/5.6.0/cucumber-reporting-5.6.0.jar:/home/geol/.m2/repository/com/fasterxml/jackson/core/jackson-databind/2.12.1/jackson-databind-2.12.1.jar:/home/geol/.m2/repository/com/fasterxml/jackson/core/jackson-annotations/2.12.1/jackson-annotations-2.12.1.jar:/home/geol/.m2/repository/com/fasterxml/jackson/core/jackson-core/2.12.1/jackson-core-2.12.1.jar:/home/geol/.m2/repository/com/fasterxml/jackson/datatype/jackson-datatype-jsr310/2.12.1/jackson-datatype-jsr310-2.12.1.jar:/home/geol/.m2/repository/org/apache/velocity/velocity-engine-core/2.3/velocity-engine-core-2.3.jar:/home/geol/.m2/repository/commons-collections/commons-collections/3.2.2/commons-collections-3.2.2.jar:/home/geol/.m2/repository/joda-time/joda-time/2.10.10/joda-time-2.10.10.jar:/home/geol/.m2/repository/org/apache/commons/commons-lang3/3.12.0/commons-lang3-3.12.0.jar:/home/geol/.m2/repository/commons-io/commons-io/2.7/commons-io-2.7.jar:/home/geol/.m2/repository/org/codehaus/plexus/plexus-utils/3.3.0/plexus-utils-3.3.0.jar:/home/geol/.m2/repository/org/jsoup/jsoup/1.14.2/jsoup-1.14.2.jar:/home/geol/.m2/repository/com/google/guava/guava/30.1.1-jre/guava-30.1.1-jre.jar:/home/geol/.m2/repository/com/google/guava/failureaccess/1.0.1/failureaccess-1.0.1.jar:/home/geol/.m2/repository/com/google/guava/listenablefuture/9999.0-empty-to-avoid-conflict-with-guava/listenablefuture-9999.0-empty-to-avoid-conflict-with-guava.jar:/home/geol/.m2/repository/com/google/code/findbugs/jsr305/3.0.2/jsr305-3.0.2.jar:/home/geol/.m2/repository/org/checkerframework/checker-qual/3.8.0/checker-qual-3.8.0.jar:/home/geol/.m2/repository/com/google/errorprone/error_prone_annotations/2.5.1/error_prone_annotations-2.5.1.jar:/home/geol/.m2/repository/com/google/j2objc/j2objc-annotations/1.3/j2objc-annotations-1.3.jar:/home/geol/.m2/repository/com/googlecode/owasp-java-html-sanitizer/owasp-java-html-sanitizer/20200713.1/owasp-java-html-sanitizer-20200713.1.jar:/home/geol/.m2/repository/commons-configuration/commons-configuration/1.10/commons-configuration-1.10.jar:/home/geol/.m2/repository/commons-lang/commons-lang/2.6/commons-lang-2.6.jar:/home/geol/.m2/repository/commons-logging/commons-logging/1.1.1/commons-logging-1.1.1.jar:/home/geol/.m2/repository/org/seleniumhq/selenium/selenium-java/3.141.59/selenium-java-3.141.59.jar:/home/geol/.m2/repository/org/seleniumhq/selenium/selenium-api/3.141.59/selenium-api-3.141.59.jar:/home/geol/.m2/repository/org/seleniumhq/selenium/selenium-chrome-driver/3.141.59/selenium-chrome-driver-3.141.59.jar:/home/geol/.m2/repository/org/seleniumhq/selenium/selenium-edge-driver/3.141.59/selenium-edge-driver-3.141.59.jar:/home/geol/.m2/repository/org/seleniumhq/selenium/selenium-firefox-driver/3.141.59/selenium-firefox-driver-3.141.59.jar:/home/geol/.m2/repository/org/seleniumhq/selenium/selenium-ie-driver/3.141.59/selenium-ie-driver-3.141.59.jar:/home/geol/.m2/repository/org/seleniumhq/selenium/selenium-opera-driver/3.141.59/selenium-opera-driver-3.141.59.jar:/home/geol/.m2/repository/org/seleniumhq/selenium/selenium-remote-driver/3.141.59/selenium-remote-driver-3.141.59.jar:/home/geol/.m2/repository/org/seleniumhq/selenium/selenium-safari-driver/3.141.59/selenium-safari-driver-3.141.59.jar:/home/geol/.m2/repository/org/seleniumhq/selenium/selenium-support/3.141.59/selenium-support-3.141.59.jar:/home/geol/.m2/repository/net/bytebuddy/byte-buddy/1.8.15/byte-buddy-1.8.15.jar:/home/geol/.m2/repository/org/apache/commons/commons-exec/1.3/commons-exec-1.3.jar:/home/geol/.m2/repository/com/squareup/okhttp3/okhttp/3.11.0/okhttp-3.11.0.jar:/home/geol/.m2/repository/com/squareup/okio/okio/1.14.0/okio-1.14.0.jar:/home/geol/.m2/repository/org/apache/poi/poi/5.2.3/poi-5.2.3.jar:/home/geol/.m2/repository/commons-codec/commons-codec/1.15/commons-codec-1.15.jar:/home/geol/.m2/repository/org/apache/commons/commons-collections4/4.4/commons-collections4-4.4.jar:/home/geol/.m2/repository/org/apache/commons/commons-math3/3.6.1/commons-math3-3.6.1.jar:/home/geol/.m2/repository/com/zaxxer/SparseBitSet/1.2/SparseBitSet-1.2.jar:/home/geol/.m2/repository/org/apache/logging/log4j/log4j-api/2.18.0/log4j-api-2.18.0.jar:/home/geol/.m2/repository/com/aventstack/extentreports/5.0.9/extentreports-5.0.9.jar:/home/geol/.m2/repository/io/reactivex/rxjava3/rxjava/3.0.4/rxjava-3.0.4.jar:/home/geol/.m2/repository/org/reactivestreams/reactive-streams/1.0.3/reactive-streams-1.0.3.jar:/home/geol/.m2/repository/org/freemarker/freemarker/2.3.30/freemarker-2.3.30.jar:/home/geol/.m2/repository/org/projectlombok/lombok/1.18.12/lombok-1.18.12.jar:/home/geol/.m2/repository/com/google/code/gson/gson/2.8.6/gson-2.8.6.jar:/home/geol/.m2/repository/org/testng/testng/7.7.1/testng-7.7.1.jar:/home/geol/.m2/repository/org/slf4j/slf4j-api/1.7.36/slf4j-api-1.7.36.jar:/home/geol/.m2/repository/com/beust/jcommander/1.82/jcommander-1.82.jar:/home/geol/.m2/repository/org/webjars/jquery/3.6.1/jquery-3.6.1.jar:/home/geol/.m2/repository/org/apache/commons/commons-csv/1.8/commons-csv-1.8.jar:"/>
    <property name="sun.cpu.endian" value="little"/>
    <property name="user.home" value="/home/geol"/>
    <property name="user.language" value="fr"/>
    <property name="java.specification.vendor" value="Oracle Corporation"/>
    <property name="java.version.date" value="2023-08-24"/>
    <property name="java.home" value="/usr/lib/jvm/java-11-openjdk-amd64"/>
    <property name="file.separator" value="/"/>
    <property name="basedir" value="/home/geol/Documents/voir/cours/test statique/maven/projet3/tp"/>
    <property name="java.vm.compressedOopsMode" value="32-bit"/>
    <property name="line.separator" value="&#10;"/>
    <property name="java.specification.name" value="Java Platform API Specification"/>
    <property name="java.vm.specification.vendor" value="Oracle Corporation"/>
    <property name="java.awt.graphicsenv" value="sun.awt.X11GraphicsEnvironment"/>
    <property name="surefire.real.class.path" value="/home/geol/Documents/voir/cours/test statique/maven/projet3/tp/target/surefire/surefirebooter5103074313176966920.jar"/>
    <property name="sun.management.compiler" value="HotSpot 64-Bit Tiered Compilers"/>
    <property name="java.runtime.version" value="11.0.20.1+1-post-Ubuntu-0ubuntu120.04"/>
    <property name="user.name" value="geol"/>
    <property name="path.separator" value=":"/>
    <property name="os.version" value="5.4.0-166-generic"/>
    <property name="java.runtime.name" value="OpenJDK Runtime Environment"/>
    <property name="file.encoding" value="UTF-8"/>
    <property name="java.vm.name" value="OpenJDK 64-Bit Server VM"/>
    <property name="localRepository" value="/home/geol/.m2/repository"/>
    <property name="java.vendor.url.bug" value="https://bugs.launchpad.net/ubuntu/+source/openjdk-lts"/>
    <property name="java.io.tmpdir" value="/tmp"/>
    <property name="java.version" value="11.0.20.1"/>
    <property name="user.dir" value="/home/geol/Documents/voir/cours/test statique/maven/projet3/tp"/>
    <property name="os.arch" value="amd64"/>
    <property name="java.vm.specification.name" value="Java Virtual Machine Specification"/>
    <property name="java.awt.printerjob" value="sun.print.PSPrinterJob"/>
    <property name="sun.os.patch.level" value="unknown"/>
    <property name="java.library.path" value="/usr/java/packages/lib:/usr/lib/x86_64-linux-gnu/jni:/lib/x86_64-linux-gnu:/usr/lib/x86_64-linux-gnu:/usr/lib/jni:/lib:/usr/lib"/>
    <property name="java.vm.info" value="mixed mode, sharing"/>
    <property name="java.vendor" value="Ubuntu"/>
    <property name="java.vm.version" value="11.0.20.1+1-post-Ubuntu-0ubuntu120.04"/>
    <property name="java.specification.maintenance.version" value="2"/>
    <property name="sun.io.unicode.encoding" value="UnicodeLittle"/>
    <property name="java.class.version" value="55.0"/>
    <property name="maven.test.failure.ignore" value="true"/>
  </properties>
</testsuite>